  glad.c
  Source.cpp
C:\Users\james\Documents\Pyramid\collisions\linmath.h(64,1): warning C4244: 'initializing': conversion from 'double' to 'float', possible loss of data
C:\Users\james\Documents\Pyramid\collisions\linmath.h(65,1): warning C4244: 'initializing': conversion from 'double' to 'float', possible loss of data
C:\Users\james\Documents\Pyramid\collisions\linmath.h(66,1): warning C4244: 'initializing': conversion from 'double' to 'float', possible loss of data
C:\Users\james\Documents\Pyramid\collisions\linmath.h(344,17): warning C4244: '=': conversion from 'double' to 'float', possible loss of data
C:\Users\james\Documents\Pyramid\collisions\linmath.h(597,18): warning C4244: 'argument': conversion from 'double' to 'float', possible loss of data
C:\Users\james\Documents\Pyramid\collisions\linmath.h(604,18): warning C4244: 'argument': conversion from 'double' to 'float', possible loss of data
C:\Program Files (x86)\Windows Kits\10\Include\10.0.19041.0\shared\minwindef.h(130,1): warning C4005: 'APIENTRY': macro redefinition
C:\OpenGL\GLFW\include\GLFW\glfw3.h(123): message : see previous definition of 'APIENTRY'
C:\Users\james\Documents\Pyramid\collisions\Source.cpp(48,36): warning C4305: 'initializing': truncation from 'double' to 'float'
C:\Users\james\Documents\Pyramid\collisions\Source.cpp(100,14): warning C4305: 'initializing': truncation from 'double' to 'float'
C:\Users\james\Documents\Pyramid\collisions\Source.cpp(109,7): warning C4244: '=': conversion from 'double' to 'float', possible loss of data
C:\Users\james\Documents\Pyramid\collisions\Source.cpp(110,7): warning C4244: '=': conversion from 'double' to 'float', possible loss of data
C:\Users\james\Documents\Pyramid\collisions\Source.cpp(111,12): warning C4244: '=': conversion from 'double' to 'float', possible loss of data
C:\Users\james\Documents\Pyramid\collisions\Source.cpp(232,12): warning C4244: 'argument': conversion from 'time_t' to 'unsigned int', possible loss of data
C:\Users\james\Documents\Pyramid\collisions\Source.cpp(248,58): warning C4305: 'argument': truncation from 'double' to 'float'
C:\Users\james\Documents\Pyramid\collisions\Source.cpp(249,60): warning C4305: 'argument': truncation from 'double' to 'float'
C:\Users\james\Documents\Pyramid\collisions\Source.cpp(252,60): warning C4305: 'argument': truncation from 'double' to 'float'
C:\Users\james\Documents\Pyramid\collisions\Source.cpp(253,59): warning C4305: 'argument': truncation from 'double' to 'float'
C:\Users\james\Documents\Pyramid\collisions\Source.cpp(267,21): warning C4018: '<': signed/unsigned mismatch
C:\Users\james\Documents\Pyramid\collisions\Source.cpp(307,25): warning C4244: 'argument': conversion from 'double' to 'GLfloat', possible loss of data
C:\Users\james\Documents\Pyramid\collisions\Source.cpp(307,14): warning C4244: 'argument': conversion from 'double' to 'GLfloat', possible loss of data
C:\Users\james\Documents\Pyramid\collisions\Source.cpp(320,2): warning C4551: function call missing argument list
C:\Users\james\Documents\Pyramid\collisions\Source.cpp(354,43): warning C4244: 'argument': conversion from 'double' to 'float', possible loss of data
C:\Users\james\Documents\Pyramid\collisions\Source.cpp(354,40): warning C4244: 'argument': conversion from 'double' to 'float', possible loss of data
C:\Users\james\Documents\Pyramid\collisions\Source.cpp(354,37): warning C4244: 'argument': conversion from 'double' to 'float', possible loss of data
C:\Users\james\Documents\Pyramid\collisions\Source.cpp(354,44): warning C4305: 'argument': truncation from 'double' to 'float'
C:\Users\james\Documents\Pyramid\collisions\Source.cpp(355,13): warning C4244: '=': conversion from 'double' to 'float', possible loss of data
C:\Users\james\Documents\Pyramid\collisions\Source.cpp(356,12): warning C4244: '=': conversion from 'double' to 'float', possible loss of data
C:\Users\james\Documents\Pyramid\collisions\Source.cpp(357,12): warning C4244: '=': conversion from 'double' to 'float', possible loss of data
  Generating code
  Previous IPDB not found, fall back to full compilation.
  All 91 functions were compiled because no usable IPDB/IOBJ from previous compilation was found.
  Finished generating code
  OpenGLSample.vcxproj -> C:\Users\james\Documents\Pyramid\collisions\Release\Pinball Shooter.exe
